<?xml version="1.0" encoding="UTF-8"?>
<!-- Generated by org.testng.reporters.JUnitReportReporter -->
<testsuite skipped="0" hostname="Parnika" name="testCases.TC_002_Login" tests="1" failures="0" timestamp="2022-04-01T13:54:35 IST" time="4.047" errors="0">
  <testcase name="test_Login" time="4.047" classname="testCases.TC_002_Login"/>
  <system-out/>
</testsuite> <!-- testCases.TC_002_Login -->
