<?xml version="1.0" encoding="UTF-8"?>
<!-- Generated by org.testng.reporters.JUnitReportReporter -->
<testsuite skipped="0" hostname="Parnika" name="testCases.TC_001_AccountRegistration" tests="1" failures="0" timestamp="2022-04-01T13:54:35 IST" time="8.597" errors="0">
  <testcase name="test_account_Registration" time="8.597" classname="testCases.TC_001_AccountRegistration"/>
  <system-out/>
</testsuite> <!-- testCases.TC_001_AccountRegistration -->
